Arguments: 
  C:\Program Files\nodejs\node.exe C:\Program Files (x86)\Yarn\bin\yarn.js add concurently

PATH: 
  C:\Users\soheb\bin;C:\Program Files\Git\mingw64\bin;C:\Program Files\Git\usr\local\bin;C:\Program Files\Git\usr\bin;C:\Program Files\Git\usr\bin;C:\Program Files\Git\mingw64\bin;C:\Program Files\Git\usr\bin;C:\Users\soheb\bin;C:\WINDOWS\system32;C:\WINDOWS;C:\WINDOWS\System32\Wbem;C:\WINDOWS\System32\WindowsPowerShell\v1.0;C:\WINDOWS\System32\OpenSSH;C:\Program Files\Intel\WiFi\bin;C:\Program Files\Common Files\Intel\WirelessCommon;C:\Program Files\Git\cmd;C:\Program Files\nodejs;C:\Program Files (x86)\Yarn\bin;C:\Users\soheb\scoop\persist\yarn\global\node_modules\.bin;C:\Users\soheb\scoop\apps\yarn\current\Yarn\bin;C:\Users\soheb\scoop\shims;C:\Users\soheb\AppData\Local\Microsoft\WindowsApps;C:\Users\soheb\AppData\Local\Programs\Microsoft VS Code\bin;C:\Users\soheb\AppData\Local\Yarn\bin;C:\Program Files\Git\usr\bin\vendor_perl;C:\Program Files\Git\usr\bin\core_perl

Yarn version: 
  1.22.5

Node version: 
  15.1.0

Platform: 
  win32 x64

Trace: 
  Error: https://registry.yarnpkg.com/concurently: Not found
      at Request.params.callback [as _callback] (C:\Program Files (x86)\Yarn\lib\cli.js:66097:18)
      at Request.self.callback (C:\Program Files (x86)\Yarn\lib\cli.js:140749:22)
      at Request.emit (node:events:327:20)
      at Request.<anonymous> (C:\Program Files (x86)\Yarn\lib\cli.js:141721:10)
      at Request.emit (node:events:327:20)
      at IncomingMessage.<anonymous> (C:\Program Files (x86)\Yarn\lib\cli.js:141643:12)
      at Object.onceWrapper (node:events:433:28)
      at IncomingMessage.emit (node:events:339:22)
      at endReadableNT (node:internal/streams/readable:1289:12)
      at processTicksAndRejections (node:internal/process/task_queues:80:21)

npm manifest: 
  {
    "name": "mern-google-auth-blog",
    "version": "1.0.0",
    "description": "MERN stack blog app with google auth",
    "main": "server.js",
    "scripts": {
      "client-install": "npm install --prefix client",
      "start": "node server.js",
      "server": "nodemon server.js",
      "client": "npm start --prefix client",
      "dev": "concurrently \"npm run server\" \"npm run client\"",
      "heroku-postbuild": "NPM_CONFIG_PRODUCTION=false npm install --prefix client && npm run build --prefix client"
    },
    "author": "Soumya Ranjan Mohanty",
    "license": "MIT",
    "dependencies": {
      "body-parser": "^1.18.3",
      "concurrently": "^4.0.1",
      "cookie-session": "^2.0.0-beta.3",
      "express": "^4.16.4",
      "mongoose": "^5.3.12",
      "passport": "^0.4.0",
      "passport-google-oauth20": "^1.0.0",
      "react-redux": "^5.1.1",
      "redux": "^4.0.1",
      "redux-thunk": "^2.3.0"
    },
    "devDependencies": {
      "nodemon": "^1.18.6"
    }
  }

yarn manifest: 
  No manifest

Lockfile: 
  No lockfile
